<?xml version="1.0" encoding="utf-8"?><testsuites><testsuite errors="0" failures="0" hostname="weber" name="pytest" skipped="0" tests="166" time="43.613" timestamp="2021-04-17T18:16:25.256705"><testcase classname="tests.auth_test" name="test_auth_register_invalid_firstname" time="0.007" /><testcase classname="tests.auth_test" name="test_auth_register_invalid_lastname" time="0.007" /><testcase classname="tests.auth_test" name="test_auth_register_invalid_email" time="0.010" /><testcase classname="tests.auth_test" name="test_auth_register_repeated_email" time="0.017" /><testcase classname="tests.auth_test" name="test_auth_register_invalid_password" time="0.013" /><testcase classname="tests.auth_test" name="test_auth_register_valid_inputs" time="0.057" /><testcase classname="tests.auth_test" name="test_auth_login_incorrect_password" time="0.058" /><testcase classname="tests.auth_test" name="test_auth_login_invalid_email" time="0.054" /><testcase classname="tests.auth_test" name="test_auth_login_incorrect_emails" time="0.035" /><testcase classname="tests.auth_test" name="test_auth_login_correct_input" time="0.103" /><testcase classname="tests.auth_test" name="test_auth_logout" time="0.041" /><testcase classname="tests.auth_test" name="test_auth_logout_with_clear" time="0.031" /><testcase classname="tests.auth_test" name="test_auth_logout_fail" time="0.063" /><testcase classname="tests.auth_test" name="test_auth_logout_log_back_in" time="0.103" /><testcase classname="tests.auth_test" name="test_auth_logout_multiple" time="1.115" /><testcase classname="tests.auth_test" name="test_auth_logout_middle" time="0.063" /><testcase classname="tests.auth_test" name="test_request_reset" time="0.032" /><testcase classname="tests.auth_test" name="test_request_reset_unused_email" time="0.050" /><testcase classname="tests.auth_test" name="test_password_reset_invalid_code" time="0.025" /><testcase classname="tests.auth_test" name="test_password_reset_invalid_password" time="0.034" /><testcase classname="tests.auth_test" name="test_password_reset" time="0.054" /><testcase classname="tests.channel_test" name="test_channel_details_owner_public" time="0.052" /><testcase classname="tests.channel_test" name="test_channel_details_owner_private" time="0.061" /><testcase classname="tests.channel_test" name="test_channel_details_member_public" time="0.073" /><testcase classname="tests.channel_test" name="test_channel_details_member_private" time="0.060" /><testcase classname="tests.channel_test" name="test_channel_details_not_member_public" time="0.037" /><testcase classname="tests.channel_test" name="test_channel_details_not_member_private" time="0.046" /><testcase classname="tests.channel_test" name="test_channel_details_invalid_channel" time="0.034" /><testcase classname="tests.channel_test" name="test_channel_messages_empty" time="0.051" /><testcase classname="tests.channel_test" name="test_channel_messages_single" time="0.143" /><testcase classname="tests.channel_test" name="test_channel_messages_multiple" time="1.129" /><testcase classname="tests.channel_test" name="test_channel_messages_invalid_index" time="0.068" /><testcase classname="tests.channel_test" name="test_channel_messages_no_access" time="0.055" /><testcase classname="tests.channel_test" name="test_channel_messages_invalid_token" time="0.059" /><testcase classname="tests.channel_test" name="test_channel_join_public" time="0.057" /><testcase classname="tests.channel_test" name="test_channel_join_private_global" time="0.090" /><testcase classname="tests.channel_test" name="test_channel_join_private_not_global" time="0.100" /><testcase classname="tests.channel_test" name="test_channel_join_invalid_channel" time="0.028" /><testcase classname="tests.channel_test" name="test_channel_join_already_member" time="0.072" /><testcase classname="tests.channels_test" name="test_channels_list_public" time="0.060" /><testcase classname="tests.channels_test" name="test_channels_list_private" time="0.071" /><testcase classname="tests.channels_test" name="test_channels_list_both" time="0.100" /><testcase classname="tests.channels_test" name="test_channels_list_none" time="0.016" /><testcase classname="tests.channels_test" name="test_channels_listall_both" time="0.091" /><testcase classname="tests.channels_test" name="test_channels_listall_none" time="0.034" /><testcase classname="tests.channels_test" name="test_create_public_channel" time="0.056" /><testcase classname="tests.channels_test" name="test_create_private_channel" time="0.054" /><testcase classname="tests.channels_test" name="test_identical_channel_id_public" time="0.038" /><testcase classname="tests.channels_test" name="test_identical_channel_id_private" time="0.034" /><testcase classname="tests.channels_test" name="test_channels_create_except" time="0.024" /><testcase classname="tests.dm_test" name="test_dm_create" time="0.073" /><testcase classname="tests.dm_test" name="test_dm_create_multiple_users" time="0.227" /><testcase classname="tests.dm_test" name="test_dm_create_except" time="0.047" /><testcase classname="tests.dm_test" name="test_dm_list" time="0.162" /><testcase classname="tests.dm_test" name="test_dm_details" time="0.213" /><testcase classname="tests.dm_test" name="test_dm_details_invalid_dm" time="0.164" /><testcase classname="tests.dm_test" name="test_dm_details_auth_not_member" time="0.126" /><testcase classname="tests.dm_test" name="test_valid_dm_invite" time="0.269" /><testcase classname="tests.dm_test" name="test_nonExisting_dm" time="0.037" /><testcase classname="tests.dm_test" name="test_notValid_user" time="0.101" /><testcase classname="tests.dm_test" name="test_notMember" time="0.170" /><testcase classname="tests.dm_test" name="test_dm_leave" time="0.083" /><testcase classname="tests.dm_test" name="test_dm_leave_invalid_dm" time="0.027" /><testcase classname="tests.dm_test" name="test_dm_leave_permission" time="0.101" /><testcase classname="tests.dm_test" name="test_dm_remove" time="0.082" /><testcase classname="tests.dm_test" name="test_dm_remove_invalid_dm" time="0.021" /><testcase classname="tests.dm_test" name="test_dm_remove_permission" time="0.055" /><testcase classname="tests.dm_test" name="test_dm_messages" time="0.193" /><testcase classname="tests.dm_test" name="test_dm_messages_invalid_dm" time="0.031" /><testcase classname="tests.dm_test" name="test_dm_messages_no_access" time="0.145" /><testcase classname="tests.echo_test" name="test_echo" time="0.001" /><testcase classname="tests.echo_test" name="test_echo_except" time="0.001" /><testcase classname="tests.message_test" name="test_single_message_send" time="0.050" /><testcase classname="tests.message_test" name="test_multiple_messages" time="0.091" /><testcase classname="tests.message_test" name="test_multiple_messages_users" time="0.116" /><testcase classname="tests.message_test" name="test_multiple_messages_users_channels" time="0.115" /><testcase classname="tests.message_test" name="test_message_send_too_long" time="0.062" /><testcase classname="tests.message_test" name="test_message_send_invalid_channelID" time="0.046" /><testcase classname="tests.message_test" name="test_message_send_user_not_member" time="0.078" /><testcase classname="tests.message_test" name="test_message_edit_single_user" time="0.119" /><testcase classname="tests.message_test" name="test_message_edit_multiple_users" time="0.163" /><testcase classname="tests.message_test" name="test_message_edit_delete" time="0.106" /><testcase classname="tests.message_test" name="test_message_edit_except" time="0.154" /><testcase classname="tests.message_test" name="test_single_message_senddm" time="0.137" /><testcase classname="tests.message_test" name="test_multiple_messages_senddm" time="0.184" /><testcase classname="tests.message_test" name="test_message_senddm_is_unique" time="0.339" /><testcase classname="tests.message_test" name="test_message_sendm_too_long" time="0.148" /><testcase classname="tests.message_test" name="test_message_senddm_user_not_member" time="0.291" /><testcase classname="tests.message_test" name="test_message_remove_public" time="0.096" /><testcase classname="tests.message_test" name="test_message_remove_private" time="0.069" /><testcase classname="tests.message_test" name="test_message_remove_dm" time="0.092" /><testcase classname="tests.message_test" name="test_message_remove_invalid_id" time="0.025" /><testcase classname="tests.message_test" name="test_message_remove_not_sender" time="0.041" /><testcase classname="tests.message_test" name="test_message_share_valid" time="0.241" /><testcase classname="tests.message_test" name="test_message_share_access_error" time="0.262" /><testcase classname="tests.message_test" name="test_message_sendlater_normal" time="3.085" /><testcase classname="tests.message_test" name="test_message_sendlater_inputError" time="0.046" /><testcase classname="tests.message_test" name="test_message_sendlater_accessError" time="0.076" /><testcase classname="tests.message_test" name="test_message_pin_invalid_message" time="0.034" /><testcase classname="tests.message_test" name="test_message_pin_already_pinned" time="0.065" /><testcase classname="tests.message_test" name="test_message_pin_not_channel_member" time="0.059" /><testcase classname="tests.message_test" name="test_message_pin_permission" time="0.062" /><testcase classname="tests.message_test" name="test_message_unpin_invalid_message" time="0.041" /><testcase classname="tests.message_test" name="test_message_unpin_already_unpinned" time="0.054" /><testcase classname="tests.message_test" name="test_message_unpin_not_channel_member" time="0.059" /><testcase classname="tests.message_test" name="test_message_unpin_permission" time="0.098" /><testcase classname="tests.message_test" name="test_message_react_invalid_message" time="0.037" /><testcase classname="tests.message_test" name="test_message_react_invalid_react" time="0.043" /><testcase classname="tests.message_test" name="test_message_react_already_reacted" time="0.073" /><testcase classname="tests.message_test" name="test_message_react_not_member" time="0.061" /><testcase classname="tests.message_test" name="test_message_unreact_invalid_message" time="0.045" /><testcase classname="tests.message_test" name="test_message_unreact_invalid_react" time="0.041" /><testcase classname="tests.message_test" name="test_message_unreact_already_unreacted" time="0.096" /><testcase classname="tests.message_test" name="test_message_unreact_not_member" time="0.068" /><testcase classname="tests.other_test" name="test_clear" time="0.006" /><testcase classname="tests.other_test" name="test_search_long_string" time="0.036" /><testcase classname="tests.other_test" name="test_search_empty_string" time="0.176" /><testcase classname="tests.other_test" name="test_search_specific_string" time="0.180" /><testcase classname="tests.other_test" name="test_no_messages" time="0.066" /><testcase classname="tests.other_test" name="test_admin" time="0.218" /><testcase classname="tests.other_test" name="test_admin_not_auth" time="0.038" /><testcase classname="tests.other_test" name="test_admin_remove_only" time="0.051" /><testcase classname="tests.other_test" name="test_admin_remove_invalid_user" time="0.065" /><testcase classname="tests.other_test" name="test_admin_change" time="0.048" /><testcase classname="tests.other_test" name="test_admin_change_invalid_permission" time="0.052" /><testcase classname="tests.other_test" name="test_admin_change_invalid_user" time="0.087" /><testcase classname="tests.other_test" name="test_admin_change_only_owner" time="0.058" /><testcase classname="tests.other_test" name="test_admin_change_not_owner" time="0.050" /><testcase classname="tests.other_test" name="test_channel_invite_notification" time="1.045" /><testcase classname="tests.other_test" name="test_dm_invite_notification" time="0.215" /><testcase classname="tests.standup_test" name="test_standup_start_valid" time="0.076" /><testcase classname="tests.standup_test" name="test_standup_back_to_back" time="3.067" /><testcase classname="tests.standup_test" name="test_standup_start_invalid_channelID" time="0.021" /><testcase classname="tests.standup_test" name="test_standup_already_active" time="0.106" /><testcase classname="tests.standup_test" name="test_standup_auth_not_member" time="0.102" /><testcase classname="tests.standup_test" name="test_standup_is_active" time="0.128" /><testcase classname="tests.standup_test" name="test_standup_not_active" time="0.048" /><testcase classname="tests.standup_test" name="test_standup_invalid_channelID" time="0.066" /><testcase classname="tests.standup_test" name="test_standup_active_different_intervals" time="8.083" /><testcase classname="tests.standup_test" name="test_standup_single_send" time="4.155" /><testcase classname="tests.standup_test" name="test_standup_multiple_send" time="3.184" /><testcase classname="tests.standup_test" name="test_standup_send_invalid_channelID" time="0.099" /><testcase classname="tests.standup_test" name="test_standup_send_message_too_long" time="0.089" /><testcase classname="tests.standup_test" name="test_standup_send_standup_not_active" time="4.060" /><testcase classname="tests.standup_test" name="test_standup_send_auth_not_member" time="0.070" /><testcase classname="tests.user_test" name="test_invalid_users_all" time="0.079" /><testcase classname="tests.user_test" name="test_invalid_user_setname" time="0.105" /><testcase classname="tests.user_test" name="test_invalid_user_sethandle" time="0.058" /><testcase classname="tests.user_test" name="test_invalid_user_setemail" time="0.048" /><testcase classname="tests.user_test" name="test_invalid_user_profile" time="0.059" /><testcase classname="tests.user_test" name="test_users_all" time="0.070" /><testcase classname="tests.user_test" name="test_user_profile" time="0.058" /><testcase classname="tests.user_test" name="test_user_profile_request_self" time="0.071" /><testcase classname="tests.user_test" name="test_profile_InputError" time="0.059" /><testcase classname="tests.user_test" name="test_setname_small_names" time="0.047" /><testcase classname="tests.user_test" name="test_setname_large_names" time="0.090" /><testcase classname="tests.user_test" name="test_profile_setname_user" time="0.069" /><testcase classname="tests.user_test" name="test_set_name_back" time="0.119" /><testcase classname="tests.user_test" name="test_set_email_user" time="0.093" /><testcase classname="tests.user_test" name="test_set_email_back" time="0.079" /><testcase classname="tests.user_test" name="test_set_email_InputError" time="0.036" /><testcase classname="tests.user_test" name="test_set_preexisting_email" time="0.051" /><testcase classname="tests.user_test" name="test_set_preexisting_email_after_change" time="0.085" /><testcase classname="tests.user_test" name="test_set_handle" time="0.039" /><testcase classname="tests.user_test" name="test_set_handle_error" time="0.065" /><testcase classname="tests.user_test" name="test_set_handle_taken" time="0.059" /></testsuite></testsuites>